生成启动时间为 2016/4/27 21:26:59。
     1>项目“C:\Users\Hanjw\Documents\GitHub\OmnidirectionalShadowMapping\myLightEngine\Lights\Lights.vcxproj”在节点 2 上(Build 个目标)。
     1>ClCompile:
         E:\VS2013\VC\bin\CL.exe /c /IE:\boost_1_57_0 /Zi /nologo /W3 /WX- /sdl /O2 /Oi /Oy- /GL /D WIN32 /D NDEBUG /D _CONSOLE /D _LIB /D _CRT_SECURE_NO_WARNINGS /D _UNICODE /D UNICODE /Gm- /EHsc /MD /GS /Gy /fp:precise /Zc:wchar_t /Zc:forScope /Fo"Release\\" /Fd"Release\vc120.pdb" /Gd /TP /analyze- /errorReport:prompt Camera.cpp Glut_backend.cpp LightTechnique.cpp main.cpp Math3d.cpp Mesh.cpp Pipeline.cpp Technique.cpp Texture.cpp Util_han.cpp
         Camera.cpp
         Glut_backend.cpp
         LightTechnique.cpp
         main.cpp
     1>E:\VS2013\VC\include\glut.h(134): warning C4005: “GLUT_RGB”: 宏重定义
                 e:\git\workspace\omnidirectionalshadowmapping\mylightengine\include\gl\freeglut_std.h(164) : 参见“GLUT_RGB”的前一个定义
     1>E:\VS2013\VC\include\glut.h(135): warning C4005: “GLUT_RGBA”: 宏重定义
                 e:\git\workspace\omnidirectionalshadowmapping\mylightengine\include\gl\freeglut_std.h(165) : 参见“GLUT_RGBA”的前一个定义
     1>E:\VS2013\VC\include\glut.h(136): warning C4005: “GLUT_INDEX”: 宏重定义
                 e:\git\workspace\omnidirectionalshadowmapping\mylightengine\include\gl\freeglut_std.h(166) : 参见“GLUT_INDEX”的前一个定义
     1>E:\VS2013\VC\include\glut.h(137): warning C4005: “GLUT_SINGLE”: 宏重定义
                 e:\git\workspace\omnidirectionalshadowmapping\mylightengine\include\gl\freeglut_std.h(167) : 参见“GLUT_SINGLE”的前一个定义
     1>E:\VS2013\VC\include\glut.h(138): warning C4005: “GLUT_DOUBLE”: 宏重定义
                 e:\git\workspace\omnidirectionalshadowmapping\mylightengine\include\gl\freeglut_std.h(168) : 参见“GLUT_DOUBLE”的前一个定义
     1>E:\VS2013\VC\include\glut.h(139): warning C4005: “GLUT_ACCUM”: 宏重定义
                 e:\git\workspace\omnidirectionalshadowmapping\mylightengine\include\gl\freeglut_std.h(169) : 参见“GLUT_ACCUM”的前一个定义
     1>E:\VS2013\VC\include\glut.h(140): warning C4005: “GLUT_ALPHA”: 宏重定义
                 e:\git\workspace\omnidirectionalshadowmapping\mylightengine\include\gl\freeglut_std.h(170) : 参见“GLUT_ALPHA”的前一个定义
     1>E:\VS2013\VC\include\glut.h(141): warning C4005: “GLUT_DEPTH”: 宏重定义
                 e:\git\workspace\omnidirectionalshadowmapping\mylightengine\include\gl\freeglut_std.h(171) : 参见“GLUT_DEPTH”的前一个定义
     1>E:\VS2013\VC\include\glut.h(142): warning C4005: “GLUT_STENCIL”: 宏重定义
                 e:\git\workspace\omnidirectionalshadowmapping\mylightengine\include\gl\freeglut_std.h(172) : 参见“GLUT_STENCIL”的前一个定义
     1>E:\VS2013\VC\include\glut.h(144): warning C4005: “GLUT_MULTISAMPLE”: 宏重定义
                 e:\git\workspace\omnidirectionalshadowmapping\mylightengine\include\gl\freeglut_std.h(173) : 参见“GLUT_MULTISAMPLE”的前一个定义
     1>E:\VS2013\VC\include\glut.h(145): warning C4005: “GLUT_STEREO”: 宏重定义
                 e:\git\workspace\omnidirectionalshadowmapping\mylightengine\include\gl\freeglut_std.h(174) : 参见“GLUT_STEREO”的前一个定义
     1>E:\VS2013\VC\include\glut.h(148): warning C4005: “GLUT_LUMINANCE”: 宏重定义
                 e:\git\workspace\omnidirectionalshadowmapping\mylightengine\include\gl\freeglut_std.h(175) : 参见“GLUT_LUMINANCE”的前一个定义
     1>E:\VS2013\VC\include\glut.h(152): warning C4005: “GLUT_LEFT_BUTTON”: 宏重定义
                 e:\git\workspace\omnidirectionalshadowmapping\mylightengine\include\gl\freeglut_std.h(153) : 参见“GLUT_LEFT_BUTTON”的前一个定义
     1>E:\VS2013\VC\include\glut.h(153): warning C4005: “GLUT_MIDDLE_BUTTON”: 宏重定义
                 e:\git\workspace\omnidirectionalshadowmapping\mylightengine\include\gl\freeglut_std.h(154) : 参见“GLUT_MIDDLE_BUTTON”的前一个定义
     1>E:\VS2013\VC\include\glut.h(154): warning C4005: “GLUT_RIGHT_BUTTON”: 宏重定义
                 e:\git\workspace\omnidirectionalshadowmapping\mylightengine\include\gl\freeglut_std.h(155) : 参见“GLUT_RIGHT_BUTTON”的前一个定义
     1>E:\VS2013\VC\include\glut.h(157): warning C4005: “GLUT_DOWN”: 宏重定义
                 e:\git\workspace\omnidirectionalshadowmapping\mylightengine\include\gl\freeglut_std.h(156) : 参见“GLUT_DOWN”的前一个定义
     1>E:\VS2013\VC\include\glut.h(158): warning C4005: “GLUT_UP”: 宏重定义
                 e:\git\workspace\omnidirectionalshadowmapping\mylightengine\include\gl\freeglut_std.h(157) : 参见“GLUT_UP”的前一个定义
     1>E:\VS2013\VC\include\glut.h(162): warning C4005: “GLUT_KEY_F1”: 宏重定义
                 e:\git\workspace\omnidirectionalshadowmapping\mylightengine\include\gl\freeglut_std.h(128) : 参见“GLUT_KEY_F1”的前一个定义
     1>E:\VS2013\VC\include\glut.h(163): warning C4005: “GLUT_KEY_F2”: 宏重定义
                 e:\git\workspace\omnidirectionalshadowmapping\mylightengine\include\gl\freeglut_std.h(129) : 参见“GLUT_KEY_F2”的前一个定义
     1>E:\VS2013\VC\include\glut.h(164): warning C4005: “GLUT_KEY_F3”: 宏重定义
                 e:\git\workspace\omnidirectionalshadowmapping\mylightengine\include\gl\freeglut_std.h(130) : 参见“GLUT_KEY_F3”的前一个定义
     1>E:\VS2013\VC\include\glut.h(165): warning C4005: “GLUT_KEY_F4”: 宏重定义
                 e:\git\workspace\omnidirectionalshadowmapping\mylightengine\include\gl\freeglut_std.h(131) : 参见“GLUT_KEY_F4”的前一个定义
     1>E:\VS2013\VC\include\glut.h(166): warning C4005: “GLUT_KEY_F5”: 宏重定义
                 e:\git\workspace\omnidirectionalshadowmapping\mylightengine\include\gl\freeglut_std.h(132) : 参见“GLUT_KEY_F5”的前一个定义
     1>E:\VS2013\VC\include\glut.h(167): warning C4005: “GLUT_KEY_F6”: 宏重定义
                 e:\git\workspace\omnidirectionalshadowmapping\mylightengine\include\gl\freeglut_std.h(133) : 参见“GLUT_KEY_F6”的前一个定义
     1>E:\VS2013\VC\include\glut.h(168): warning C4005: “GLUT_KEY_F7”: 宏重定义
                 e:\git\workspace\omnidirectionalshadowmapping\mylightengine\include\gl\freeglut_std.h(134) : 参见“GLUT_KEY_F7”的前一个定义
     1>E:\VS2013\VC\include\glut.h(169): warning C4005: “GLUT_KEY_F8”: 宏重定义
                 e:\git\workspace\omnidirectionalshadowmapping\mylightengine\include\gl\freeglut_std.h(135) : 参见“GLUT_KEY_F8”的前一个定义
     1>E:\VS2013\VC\include\glut.h(170): warning C4005: “GLUT_KEY_F9”: 宏重定义
                 e:\git\workspace\omnidirectionalshadowmapping\mylightengine\include\gl\freeglut_std.h(136) : 参见“GLUT_KEY_F9”的前一个定义
     1>E:\VS2013\VC\include\glut.h(171): warning C4005: “GLUT_KEY_F10”: 宏重定义
                 e:\git\workspace\omnidirectionalshadowmapping\mylightengine\include\gl\freeglut_std.h(137) : 参见“GLUT_KEY_F10”的前一个定义
     1>E:\VS2013\VC\include\glut.h(172): warning C4005: “GLUT_KEY_F11”: 宏重定义
                 e:\git\workspace\omnidirectionalshadowmapping\mylightengine\include\gl\freeglut_std.h(138) : 参见“GLUT_KEY_F11”的前一个定义
     1>E:\VS2013\VC\include\glut.h(173): warning C4005: “GLUT_KEY_F12”: 宏重定义
                 e:\git\workspace\omnidirectionalshadowmapping\mylightengine\include\gl\freeglut_std.h(139) : 参见“GLUT_KEY_F12”的前一个定义
     1>E:\VS2013\VC\include\glut.h(175): warning C4005: “GLUT_KEY_LEFT”: 宏重定义
                 e:\git\workspace\omnidirectionalshadowmapping\mylightengine\include\gl\freeglut_std.h(140) : 参见“GLUT_KEY_LEFT”的前一个定义
     1>E:\VS2013\VC\include\glut.h(176): warning C4005: “GLUT_KEY_UP”: 宏重定义
                 e:\git\workspace\omnidirectionalshadowmapping\mylightengine\include\gl\freeglut_std.h(141) : 参见“GLUT_KEY_UP”的前一个定义
     1>E:\VS2013\VC\include\glut.h(177): warning C4005: “GLUT_KEY_RIGHT”: 宏重定义
                 e:\git\workspace\omnidirectionalshadowmapping\mylightengine\include\gl\freeglut_std.h(142) : 参见“GLUT_KEY_RIGHT”的前一个定义
     1>E:\VS2013\VC\include\glut.h(178): warning C4005: “GLUT_KEY_DOWN”: 宏重定义
                 e:\git\workspace\omnidirectionalshadowmapping\mylightengine\include\gl\freeglut_std.h(143) : 参见“GLUT_KEY_DOWN”的前一个定义
     1>E:\VS2013\VC\include\glut.h(179): warning C4005: “GLUT_KEY_PAGE_UP”: 宏重定义
                 e:\git\workspace\omnidirectionalshadowmapping\mylightengine\include\gl\freeglut_std.h(144) : 参见“GLUT_KEY_PAGE_UP”的前一个定义
     1>E:\VS2013\VC\include\glut.h(180): warning C4005: “GLUT_KEY_PAGE_DOWN”: 宏重定义
                 e:\git\workspace\omnidirectionalshadowmapping\mylightengine\include\gl\freeglut_std.h(145) : 参见“GLUT_KEY_PAGE_DOWN”的前一个定义
     1>E:\VS2013\VC\include\glut.h(181): warning C4005: “GLUT_KEY_HOME”: 宏重定义
                 e:\git\workspace\omnidirectionalshadowmapping\mylightengine\include\gl\freeglut_std.h(146) : 参见“GLUT_KEY_HOME”的前一个定义
     1>E:\VS2013\VC\include\glut.h(182): warning C4005: “GLUT_KEY_END”: 宏重定义
                 e:\git\workspace\omnidirectionalshadowmapping\mylightengine\include\gl\freeglut_std.h(147) : 参见“GLUT_KEY_END”的前一个定义
     1>E:\VS2013\VC\include\glut.h(183): warning C4005: “GLUT_KEY_INSERT”: 宏重定义
                 e:\git\workspace\omnidirectionalshadowmapping\mylightengine\include\gl\freeglut_std.h(148) : 参见“GLUT_KEY_INSERT”的前一个定义
     1>E:\VS2013\VC\include\glut.h(187): warning C4005: “GLUT_LEFT”: 宏重定义
                 e:\git\workspace\omnidirectionalshadowmapping\mylightengine\include\gl\freeglut_std.h(158) : 参见“GLUT_LEFT”的前一个定义
     1>E:\VS2013\VC\include\glut.h(188): warning C4005: “GLUT_ENTERED”: 宏重定义
                 e:\git\workspace\omnidirectionalshadowmapping\mylightengine\include\gl\freeglut_std.h(159) : 参见“GLUT_ENTERED”的前一个定义
     1>E:\VS2013\VC\include\glut.h(191): warning C4005: “GLUT_MENU_NOT_IN_USE”: 宏重定义
                 e:\git\workspace\omnidirectionalshadowmapping\mylightengine\include\gl\freeglut_std.h(180) : 参见“GLUT_MENU_NOT_IN_USE”的前一个定义
     1>E:\VS2013\VC\include\glut.h(192): warning C4005: “GLUT_MENU_IN_USE”: 宏重定义
                 e:\git\workspace\omnidirectionalshadowmapping\mylightengine\include\gl\freeglut_std.h(181) : 参见“GLUT_MENU_IN_USE”的前一个定义
     1>E:\VS2013\VC\include\glut.h(195): warning C4005: “GLUT_NOT_VISIBLE”: 宏重定义
                 e:\git\workspace\omnidirectionalshadowmapping\mylightengine\include\gl\freeglut_std.h(182) : 参见“GLUT_NOT_VISIBLE”的前一个定义
     1>E:\VS2013\VC\include\glut.h(196): warning C4005: “GLUT_VISIBLE”: 宏重定义
                 e:\git\workspace\omnidirectionalshadowmapping\mylightengine\include\gl\freeglut_std.h(183) : 参见“GLUT_VISIBLE”的前一个定义
     1>E:\VS2013\VC\include\glut.h(199): warning C4005: “GLUT_HIDDEN”: 宏重定义
                 e:\git\workspace\omnidirectionalshadowmapping\mylightengine\include\gl\freeglut_std.h(184) : 参见“GLUT_HIDDEN”的前一个定义
     1>E:\VS2013\VC\include\glut.h(200): warning C4005: “GLUT_FULLY_RETAINED”: 宏重定义
                 e:\git\workspace\omnidirectionalshadowmapping\mylightengine\include\gl\freeglut_std.h(185) : 参见“GLUT_FULLY_RETAINED”的前一个定义
     1>E:\VS2013\VC\include\glut.h(201): warning C4005: “GLUT_PARTIALLY_RETAINED”: 宏重定义
                 e:\git\workspace\omnidirectionalshadowmapping\mylightengine\include\gl\freeglut_std.h(186) : 参见“GLUT_PARTIALLY_RETAINED”的前一个定义
     1>E:\VS2013\VC\include\glut.h(202): warning C4005: “GLUT_FULLY_COVERED”: 宏重定义
                 e:\git\workspace\omnidirectionalshadowmapping\mylightengine\include\gl\freeglut_std.h(187) : 参见“GLUT_FULLY_COVERED”的前一个定义
     1>E:\VS2013\VC\include\glut.h(205): warning C4005: “GLUT_RED”: 宏重定义
                 e:\git\workspace\omnidirectionalshadowmapping\mylightengine\include\gl\freeglut_std.h(361) : 参见“GLUT_RED”的前一个定义
     1>E:\VS2013\VC\include\glut.h(206): warning C4005: “GLUT_GREEN”: 宏重定义
                 e:\git\workspace\omnidirectionalshadowmapping\mylightengine\include\gl\freeglut_std.h(362) : 参见“GLUT_GREEN”的前一个定义
     1>E:\VS2013\VC\include\glut.h(207): warning C4005: “GLUT_BLUE”: 宏重定义
                 e:\git\workspace\omnidirectionalshadowmapping\mylightengine\include\gl\freeglut_std.h(363) : 参见“GLUT_BLUE”的前一个定义
     1>E:\VS2013\VC\include\glut.h(210): warning C4005: “GLUT_NORMAL”: 宏重定义
                 e:\git\workspace\omnidirectionalshadowmapping\mylightengine\include\gl\freeglut_std.h(321) : 参见“GLUT_NORMAL”的前一个定义
     1>E:\VS2013\VC\include\glut.h(211): warning C4005: “GLUT_OVERLAY”: 宏重定义
                 e:\git\workspace\omnidirectionalshadowmapping\mylightengine\include\gl\freeglut_std.h(322) : 参见“GLUT_OVERLAY”的前一个定义
     1>E:\VS2013\VC\include\glut.h(215): warning C4005: “GLUT_STROKE_ROMAN”: 宏重定义
                 e:\git\workspace\omnidirectionalshadowmapping\mylightengine\include\gl\freeglut_std.h(195) : 参见“GLUT_STROKE_ROMAN”的前一个定义
     1>E:\VS2013\VC\include\glut.h(216): warning C4005: “GLUT_STROKE_MONO_ROMAN”: 宏重定义
                 e:\git\workspace\omnidirectionalshadowmapping\mylightengine\include\gl\freeglut_std.h(196) : 参见“GLUT_STROKE_MONO_ROMAN”的前一个定义
     1>E:\VS2013\VC\include\glut.h(219): warning C4005: “GLUT_BITMAP_9_BY_15”: 宏重定义
                 e:\git\workspace\omnidirectionalshadowmapping\mylightengine\include\gl\freeglut_std.h(197) : 参见“GLUT_BITMAP_9_BY_15”的前一个定义
     1>E:\VS2013\VC\include\glut.h(220): warning C4005: “GLUT_BITMAP_8_BY_13”: 宏重定义
                 e:\git\workspace\omnidirectionalshadowmapping\mylightengine\include\gl\freeglut_std.h(198) : 参见“GLUT_BITMAP_8_BY_13”的前一个定义
     1>E:\VS2013\VC\include\glut.h(221): warning C4005: “GLUT_BITMAP_TIMES_ROMAN_10”: 宏重定义
                 e:\git\workspace\omnidirectionalshadowmapping\mylightengine\include\gl\freeglut_std.h(199) : 参见“GLUT_BITMAP_TIMES_ROMAN_10”的前一个定义
     1>E:\VS2013\VC\include\glut.h(222): warning C4005: “GLUT_BITMAP_TIMES_ROMAN_24”: 宏重定义
                 e:\git\workspace\omnidirectionalshadowmapping\mylightengine\include\gl\freeglut_std.h(200) : 参见“GLUT_BITMAP_TIMES_ROMAN_24”的前一个定义
     1>E:\VS2013\VC\include\glut.h(224): warning C4005: “GLUT_BITMAP_HELVETICA_10”: 宏重定义
                 e:\git\workspace\omnidirectionalshadowmapping\mylightengine\include\gl\freeglut_std.h(201) : 参见“GLUT_BITMAP_HELVETICA_10”的前一个定义
     1>E:\VS2013\VC\include\glut.h(225): warning C4005: “GLUT_BITMAP_HELVETICA_12”: 宏重定义
                 e:\git\workspace\omnidirectionalshadowmapping\mylightengine\include\gl\freeglut_std.h(202) : 参见“GLUT_BITMAP_HELVETICA_12”的前一个定义
     1>E:\VS2013\VC\include\glut.h(226): warning C4005: “GLUT_BITMAP_HELVETICA_18”: 宏重定义
                 e:\git\workspace\omnidirectionalshadowmapping\mylightengine\include\gl\freeglut_std.h(203) : 参见“GLUT_BITMAP_HELVETICA_18”的前一个定义
     1>E:\VS2013\VC\include\glut.h(259): warning C4005: “GLUT_WINDOW_X”: 宏重定义
                 e:\git\workspace\omnidirectionalshadowmapping\mylightengine\include\gl\freeglut_std.h(235) : 参见“GLUT_WINDOW_X”的前一个定义
     1>E:\VS2013\VC\include\glut.h(260): warning C4005: “GLUT_WINDOW_Y”: 宏重定义
                 e:\git\workspace\omnidirectionalshadowmapping\mylightengine\include\gl\freeglut_std.h(236) : 参见“GLUT_WINDOW_Y”的前一个定义
     1>E:\VS2013\VC\include\glut.h(261): warning C4005: “GLUT_WINDOW_WIDTH”: 宏重定义
                 e:\git\workspace\omnidirectionalshadowmapping\mylightengine\include\gl\freeglut_std.h(237) : 参见“GLUT_WINDOW_WIDTH”的前一个定义
     1>E:\VS2013\VC\include\glut.h(262): warning C4005: “GLUT_WINDOW_HEIGHT”: 宏重定义
                 e:\git\workspace\omnidirectionalshadowmapping\mylightengine\include\gl\freeglut_std.h(238) : 参见“GLUT_WINDOW_HEIGHT”的前一个定义
     1>E:\VS2013\VC\include\glut.h(263): warning C4005: “GLUT_WINDOW_BUFFER_SIZE”: 宏重定义
                 e:\git\workspace\omnidirectionalshadowmapping\mylightengine\include\gl\freeglut_std.h(239) : 参见“GLUT_WINDOW_BUFFER_SIZE”的前一个定义
     1>E:\VS2013\VC\include\glut.h(264): warning C4005: “GLUT_WINDOW_STENCIL_SIZE”: 宏重定义
                 e:\git\workspace\omnidirectionalshadowmapping\mylightengine\include\gl\freeglut_std.h(240) : 参见“GLUT_WINDOW_STENCIL_SIZE”的前一个定义
     1>E:\VS2013\VC\include\glut.h(265): warning C4005: “GLUT_WINDOW_DEPTH_SIZE”: 宏重定义
                 e:\git\workspace\omnidirectionalshadowmapping\mylightengine\include\gl\freeglut_std.h(241) : 参见“GLUT_WINDOW_DEPTH_SIZE”的前一个定义
     1>E:\VS2013\VC\include\glut.h(266): warning C4005: “GLUT_WINDOW_RED_SIZE”: 宏重定义
                 e:\git\workspace\omnidirectionalshadowmapping\mylightengine\include\gl\freeglut_std.h(242) : 参见“GLUT_WINDOW_RED_SIZE”的前一个定义
     1>E:\VS2013\VC\include\glut.h(267): warning C4005: “GLUT_WINDOW_GREEN_SIZE”: 宏重定义
                 e:\git\workspace\omnidirectionalshadowmapping\mylightengine\include\gl\freeglut_std.h(243) : 参见“GLUT_WINDOW_GREEN_SIZE”的前一个定义
     1>E:\VS2013\VC\include\glut.h(268): warning C4005: “GLUT_WINDOW_BLUE_SIZE”: 宏重定义
                 e:\git\workspace\omnidirectionalshadowmapping\mylightengine\include\gl\freeglut_std.h(244) : 参见“GLUT_WINDOW_BLUE_SIZE”的前一个定义
     1>E:\VS2013\VC\include\glut.h(269): warning C4005: “GLUT_WINDOW_ALPHA_SIZE”: 宏重定义
                 e:\git\workspace\omnidirectionalshadowmapping\mylightengine\include\gl\freeglut_std.h(245) : 参见“GLUT_WINDOW_ALPHA_SIZE”的前一个定义
     1>E:\VS2013\VC\include\glut.h(270): warning C4005: “GLUT_WINDOW_ACCUM_RED_SIZE”: 宏重定义
                 e:\git\workspace\omnidirectionalshadowmapping\mylightengine\include\gl\freeglut_std.h(246) : 参见“GLUT_WINDOW_ACCUM_RED_SIZE”的前一个定义
     1>E:\VS2013\VC\include\glut.h(271): warning C4005: “GLUT_WINDOW_ACCUM_GREEN_SIZE”: 宏重定义
                 e:\git\workspace\omnidirectionalshadowmapping\mylightengine\include\gl\freeglut_std.h(247) : 参见“GLUT_WINDOW_ACCUM_GREEN_SIZE”的前一个定义
     1>E:\VS2013\VC\include\glut.h(272): warning C4005: “GLUT_WINDOW_ACCUM_BLUE_SIZE”: 宏重定义
                 e:\git\workspace\omnidirectionalshadowmapping\mylightengine\include\gl\freeglut_std.h(248) : 参见“GLUT_WINDOW_ACCUM_BLUE_SIZE”的前一个定义
     1>E:\VS2013\VC\include\glut.h(273): warning C4005: “GLUT_WINDOW_ACCUM_ALPHA_SIZE”: 宏重定义
                 e:\git\workspace\omnidirectionalshadowmapping\mylightengine\include\gl\freeglut_std.h(249) : 参见“GLUT_WINDOW_ACCUM_ALPHA_SIZE”的前一个定义
     1>E:\VS2013\VC\include\glut.h(274): warning C4005: “GLUT_WINDOW_DOUBLEBUFFER”: 宏重定义
                 e:\git\workspace\omnidirectionalshadowmapping\mylightengine\include\gl\freeglut_std.h(250) : 参见“GLUT_WINDOW_DOUBLEBUFFER”的前一个定义
     1>E:\VS2013\VC\include\glut.h(275): warning C4005: “GLUT_WINDOW_RGBA”: 宏重定义
                 e:\git\workspace\omnidirectionalshadowmapping\mylightengine\include\gl\freeglut_std.h(251) : 参见“GLUT_WINDOW_RGBA”的前一个定义
     1>E:\VS2013\VC\include\glut.h(276): warning C4005: “GLUT_WINDOW_PARENT”: 宏重定义
                 e:\git\workspace\omnidirectionalshadowmapping\mylightengine\include\gl\freeglut_std.h(252) : 参见“GLUT_WINDOW_PARENT”的前一个定义
     1>E:\VS2013\VC\include\glut.h(277): warning C4005: “GLUT_WINDOW_NUM_CHILDREN”: 宏重定义
                 e:\git\workspace\omnidirectionalshadowmapping\mylightengine\include\gl\freeglut_std.h(253) : 参见“GLUT_WINDOW_NUM_CHILDREN”的前一个定义
     1>E:\VS2013\VC\include\glut.h(278): warning C4005: “GLUT_WINDOW_COLORMAP_SIZE”: 宏重定义
                 e:\git\workspace\omnidirectionalshadowmapping\mylightengine\include\gl\freeglut_std.h(254) : 参见“GLUT_WINDOW_COLORMAP_SIZE”的前一个定义
     1>E:\VS2013\VC\include\glut.h(280): warning C4005: “GLUT_WINDOW_NUM_SAMPLES”: 宏重定义
                 e:\git\workspace\omnidirectionalshadowmapping\mylightengine\include\gl\freeglut_std.h(255) : 参见“GLUT_WINDOW_NUM_SAMPLES”的前一个定义
     1>E:\VS2013\VC\include\glut.h(281): warning C4005: “GLUT_WINDOW_STEREO”: 宏重定义
                 e:\git\workspace\omnidirectionalshadowmapping\mylightengine\include\gl\freeglut_std.h(256) : 参见“GLUT_WINDOW_STEREO”的前一个定义
     1>E:\VS2013\VC\include\glut.h(284): warning C4005: “GLUT_WINDOW_CURSOR”: 宏重定义
                 e:\git\workspace\omnidirectionalshadowmapping\mylightengine\include\gl\freeglut_std.h(257) : 参见“GLUT_WINDOW_CURSOR”的前一个定义
     1>E:\VS2013\VC\include\glut.h(286): warning C4005: “GLUT_SCREEN_WIDTH”: 宏重定义
                 e:\git\workspace\omnidirectionalshadowmapping\mylightengine\include\gl\freeglut_std.h(259) : 参见“GLUT_SCREEN_WIDTH”的前一个定义
     1>E:\VS2013\VC\include\glut.h(287): warning C4005: “GLUT_SCREEN_HEIGHT”: 宏重定义
                 e:\git\workspace\omnidirectionalshadowmapping\mylightengine\include\gl\freeglut_std.h(260) : 参见“GLUT_SCREEN_HEIGHT”的前一个定义
     1>E:\VS2013\VC\include\glut.h(288): warning C4005: “GLUT_SCREEN_WIDTH_MM”: 宏重定义
                 e:\git\workspace\omnidirectionalshadowmapping\mylightengine\include\gl\freeglut_std.h(261) : 参见“GLUT_SCREEN_WIDTH_MM”的前一个定义
     1>E:\VS2013\VC\include\glut.h(289): warning C4005: “GLUT_SCREEN_HEIGHT_MM”: 宏重定义
                 e:\git\workspace\omnidirectionalshadowmapping\mylightengine\include\gl\freeglut_std.h(262) : 参见“GLUT_SCREEN_HEIGHT_MM”的前一个定义
     1>E:\VS2013\VC\include\glut.h(290): warning C4005: “GLUT_MENU_NUM_ITEMS”: 宏重定义
                 e:\git\workspace\omnidirectionalshadowmapping\mylightengine\include\gl\freeglut_std.h(263) : 参见“GLUT_MENU_NUM_ITEMS”的前一个定义
     1>E:\VS2013\VC\include\glut.h(291): warning C4005: “GLUT_DISPLAY_MODE_POSSIBLE”: 宏重定义
                 e:\git\workspace\omnidirectionalshadowmapping\mylightengine\include\gl\freeglut_std.h(264) : 参见“GLUT_DISPLAY_MODE_POSSIBLE”的前一个定义
     1>E:\VS2013\VC\include\glut.h(292): warning C4005: “GLUT_INIT_WINDOW_X”: 宏重定义
                 e:\git\workspace\omnidirectionalshadowmapping\mylightengine\include\gl\freeglut_std.h(265) : 参见“GLUT_INIT_WINDOW_X”的前一个定义
     1>E:\VS2013\VC\include\glut.h(293): warning C4005: “GLUT_INIT_WINDOW_Y”: 宏重定义
                 e:\git\workspace\omnidirectionalshadowmapping\mylightengine\include\gl\freeglut_std.h(266) : 参见“GLUT_INIT_WINDOW_Y”的前一个定义
     1>E:\VS2013\VC\include\glut.h(294): warning C4005: “GLUT_INIT_WINDOW_WIDTH”: 宏重定义
                 e:\git\workspace\omnidirectionalshadowmapping\mylightengine\include\gl\freeglut_std.h(267) : 参见“GLUT_INIT_WINDOW_WIDTH”的前一个定义
     1>E:\VS2013\VC\include\glut.h(295): warning C4005: “GLUT_INIT_WINDOW_HEIGHT”: 宏重定义
                 e:\git\workspace\omnidirectionalshadowmapping\mylightengine\include\gl\freeglut_std.h(268) : 参见“GLUT_INIT_WINDOW_HEIGHT”的前一个定义
     1>E:\VS2013\VC\include\glut.h(296): warning C4005: “GLUT_INIT_DISPLAY_MODE”: 宏重定义
                 e:\git\workspace\omnidirectionalshadowmapping\mylightengine\include\gl\freeglut_std.h(269) : 参见“GLUT_INIT_DISPLAY_MODE”的前一个定义
     1>E:\VS2013\VC\include\glut.h(298): warning C4005: “GLUT_ELAPSED_TIME”: 宏重定义
                 e:\git\workspace\omnidirectionalshadowmapping\mylightengine\include\gl\freeglut_std.h(270) : 参见“GLUT_ELAPSED_TIME”的前一个定义
     1>E:\VS2013\VC\include\glut.h(301): warning C4005: “GLUT_WINDOW_FORMAT_ID”: 宏重定义
                 e:\git\workspace\omnidirectionalshadowmapping\mylightengine\include\gl\freeglut_std.h(271) : 参见“GLUT_WINDOW_FORMAT_ID”的前一个定义
     1>E:\VS2013\VC\include\glut.h(306): warning C4005: “GLUT_HAS_KEYBOARD”: 宏重定义
                 e:\git\workspace\omnidirectionalshadowmapping\mylightengine\include\gl\freeglut_std.h(276) : 参见“GLUT_HAS_KEYBOARD”的前一个定义
     1>E:\VS2013\VC\include\glut.h(307): warning C4005: “GLUT_HAS_MOUSE”: 宏重定义
                 e:\git\workspace\omnidirectionalshadowmapping\mylightengine\include\gl\freeglut_std.h(277) : 参见“GLUT_HAS_MOUSE”的前一个定义
     1>E:\VS2013\VC\include\glut.h(308): warning C4005: “GLUT_HAS_SPACEBALL”: 宏重定义
                 e:\git\workspace\omnidirectionalshadowmapping\mylightengine\include\gl\freeglut_std.h(278) : 参见“GLUT_HAS_SPACEBALL”的前一个定义
     1>E:\VS2013\VC\include\glut.h(309): warning C4005: “GLUT_HAS_DIAL_AND_BUTTON_BOX”: 宏重定义
                 e:\git\workspace\omnidirectionalshadowmapping\mylightengine\include\gl\freeglut_std.h(279) : 参见“GLUT_HAS_DIAL_AND_BUTTON_BOX”的前一个定义
     1>E:\VS2013\VC\include\glut.h(310): warning C4005: “GLUT_HAS_TABLET”: 宏重定义
                 e:\git\workspace\omnidirectionalshadowmapping\mylightengine\include\gl\freeglut_std.h(280) : 参见“GLUT_HAS_TABLET”的前一个定义
     1>E:\VS2013\VC\include\glut.h(311): warning C4005: “GLUT_NUM_MOUSE_BUTTONS”: 宏重定义
                 e:\git\workspace\omnidirectionalshadowmapping\mylightengine\include\gl\freeglut_std.h(281) : 参见“GLUT_NUM_MOUSE_BUTTONS”的前一个定义
     1>E:\VS2013\VC\include\glut.h(312): warning C4005: “GLUT_NUM_SPACEBALL_BUTTONS”: 宏重定义
                 e:\git\workspace\omnidirectionalshadowmapping\mylightengine\include\gl\freeglut_std.h(282) : 参见“GLUT_NUM_SPACEBALL_BUTTONS”的前一个定义
     1>E:\VS2013\VC\include\glut.h(313): warning C4005: “GLUT_NUM_BUTTON_BOX_BUTTONS”: 宏重定义
                 e:\git\workspace\omnidirectionalshadowmapping\mylightengine\include\gl\freeglut_std.h(283) : 参见“GLUT_NUM_BUTTON_BOX_BUTTONS”的前一个定义
     1>E:\VS2013\VC\include\glut.h(314): warning C4005: “GLUT_NUM_DIALS”: 宏重定义
                 e:\git\workspace\omnidirectionalshadowmapping\mylightengine\include\gl\freeglut_std.h(284) : 参见“GLUT_NUM_DIALS”的前一个定义
     1>E:\VS2013\VC\include\glut.h(315): warning C4005: “GLUT_NUM_TABLET_BUTTONS”: 宏重定义
                 e:\git\workspace\omnidirectionalshadowmapping\mylightengine\include\gl\freeglut_std.h(285) : 参见“GLUT_NUM_TABLET_BUTTONS”的前一个定义
     1>E:\VS2013\VC\include\glut.h(318): warning C4005: “GLUT_DEVICE_IGNORE_KEY_REPEAT”: 宏重定义
                 e:\git\workspace\omnidirectionalshadowmapping\mylightengine\include\gl\freeglut_std.h(286) : 参见“GLUT_DEVICE_IGNORE_KEY_REPEAT”的前一个定义
     1>E:\VS2013\VC\include\glut.h(319): warning C4005: “GLUT_DEVICE_KEY_REPEAT”: 宏重定义
                 e:\git\workspace\omnidirectionalshadowmapping\mylightengine\include\gl\freeglut_std.h(287) : 参见“GLUT_DEVICE_KEY_REPEAT”的前一个定义
     1>E:\VS2013\VC\include\glut.h(320): warning C4005: “GLUT_HAS_JOYSTICK”: 宏重定义
                 e:\git\workspace\omnidirectionalshadowmapping\mylightengine\include\gl\freeglut_std.h(288) : 参见“GLUT_HAS_JOYSTICK”的前一个定义
     1>E:\VS2013\VC\include\glut.h(321): warning C4005: “GLUT_OWNS_JOYSTICK”: 宏重定义
                 e:\git\workspace\omnidirectionalshadowmapping\mylightengine\include\gl\freeglut_std.h(289) : 参见“GLUT_OWNS_JOYSTICK”的前一个定义
     1>E:\VS2013\VC\include\glut.h(322): warning C4005: “GLUT_JOYSTICK_BUTTONS”: 宏重定义
                 e:\git\workspace\omnidirectionalshadowmapping\mylightengine\include\gl\freeglut_std.h(290) : 参见“GLUT_JOYSTICK_BUTTONS”的前一个定义
     1>E:\VS2013\VC\include\glut.h(323): warning C4005: “GLUT_JOYSTICK_AXES”: 宏重定义
                 e:\git\workspace\omnidirectionalshadowmapping\mylightengine\include\gl\freeglut_std.h(291) : 参见“GLUT_JOYSTICK_AXES”的前一个定义
     1>E:\VS2013\VC\include\glut.h(324): warning C4005: “GLUT_JOYSTICK_POLL_RATE”: 宏重定义
                 e:\git\workspace\omnidirectionalshadowmapping\mylightengine\include\gl\freeglut_std.h(292) : 参见“GLUT_JOYSTICK_POLL_RATE”的前一个定义
     1>E:\VS2013\VC\include\glut.h(329): warning C4005: “GLUT_OVERLAY_POSSIBLE”: 宏重定义
                 e:\git\workspace\omnidirectionalshadowmapping\mylightengine\include\gl\freeglut_std.h(297) : 参见“GLUT_OVERLAY_POSSIBLE”的前一个定义
     1>E:\VS2013\VC\include\glut.h(330): warning C4005: “GLUT_LAYER_IN_USE”: 宏重定义
                 e:\git\workspace\omnidirectionalshadowmapping\mylightengine\include\gl\freeglut_std.h(298) : 参见“GLUT_LAYER_IN_USE”的前一个定义
     1>E:\VS2013\VC\include\glut.h(331): warning C4005: “GLUT_HAS_OVERLAY”: 宏重定义
                 e:\git\workspace\omnidirectionalshadowmapping\mylightengine\include\gl\freeglut_std.h(299) : 参见“GLUT_HAS_OVERLAY”的前一个定义
     1>E:\VS2013\VC\include\glut.h(332): warning C4005: “GLUT_TRANSPARENT_INDEX”: 宏重定义
                 e:\git\workspace\omnidirectionalshadowmapping\mylightengine\include\gl\freeglut_std.h(300) : 参见“GLUT_TRANSPARENT_INDEX”的前一个定义
     1>E:\VS2013\VC\include\glut.h(333): warning C4005: “GLUT_NORMAL_DAMAGED”: 宏重定义
                 e:\git\workspace\omnidirectionalshadowmapping\mylightengine\include\gl\freeglut_std.h(301) : 参见“GLUT_NORMAL_DAMAGED”的前一个定义
     1>E:\VS2013\VC\include\glut.h(334): warning C4005: “GLUT_OVERLAY_DAMAGED”: 宏重定义
                 e:\git\workspace\omnidirectionalshadowmapping\mylightengine\include\gl\freeglut_std.h(302) : 参见“GLUT_OVERLAY_DAMAGED”的前一个定义
     1>E:\VS2013\VC\include\glut.h(338): warning C4005: “GLUT_VIDEO_RESIZE_POSSIBLE”: 宏重定义
                 e:\git\workspace\omnidirectionalshadowmapping\mylightengine\include\gl\freeglut_std.h(307) : 参见“GLUT_VIDEO_RESIZE_POSSIBLE”的前一个定义
     1>E:\VS2013\VC\include\glut.h(339): warning C4005: “GLUT_VIDEO_RESIZE_IN_USE”: 宏重定义
                 e:\git\workspace\omnidirectionalshadowmapping\mylightengine\include\gl\freeglut_std.h(308) : 参见“GLUT_VIDEO_RESIZE_IN_USE”的前一个定义
     1>E:\VS2013\VC\include\glut.h(340): warning C4005: “GLUT_VIDEO_RESIZE_X_DELTA”: 宏重定义
                 e:\git\workspace\omnidirectionalshadowmapping\mylightengine\include\gl\freeglut_std.h(309) : 参见“GLUT_VIDEO_RESIZE_X_DELTA”的前一个定义
     1>E:\VS2013\VC\include\glut.h(341): warning C4005: “GLUT_VIDEO_RESIZE_Y_DELTA”: 宏重定义
                 e:\git\workspace\omnidirectionalshadowmapping\mylightengine\include\gl\freeglut_std.h(310) : 参见“GLUT_VIDEO_RESIZE_Y_DELTA”的前一个定义
     1>E:\VS2013\VC\include\glut.h(342): warning C4005: “GLUT_VIDEO_RESIZE_WIDTH_DELTA”: 宏重定义
                 e:\git\workspace\omnidirectionalshadowmapping\mylightengine\include\gl\freeglut_std.h(311) : 参见“GLUT_VIDEO_RESIZE_WIDTH_DELTA”的前一个定义
     1>E:\VS2013\VC\include\glut.h(343): warning C4005: “GLUT_VIDEO_RESIZE_HEIGHT_DELTA”: 宏重定义
                 e:\git\workspace\omnidirectionalshadowmapping\mylightengine\include\gl\freeglut_std.h(312) : 参见“GLUT_VIDEO_RESIZE_HEIGHT_DELTA”的前一个定义
     1>E:\VS2013\VC\include\glut.h(344): warning C4005: “GLUT_VIDEO_RESIZE_X”: 宏重定义
                 e:\git\workspace\omnidirectionalshadowmapping\mylightengine\include\gl\freeglut_std.h(313) : 参见“GLUT_VIDEO_RESIZE_X”的前一个定义
     1>E:\VS2013\VC\include\glut.h(345): warning C4005: “GLUT_VIDEO_RESIZE_Y”: 宏重定义
                 e:\git\workspace\omnidirectionalshadowmapping\mylightengine\include\gl\freeglut_std.h(314) : 参见“GLUT_VIDEO_RESIZE_Y”的前一个定义
     1>E:\VS2013\VC\include\glut.h(346): warning C4005: “GLUT_VIDEO_RESIZE_WIDTH”: 宏重定义
                 e:\git\workspace\omnidirectionalshadowmapping\mylightengine\include\gl\freeglut_std.h(315) : 参见“GLUT_VIDEO_RESIZE_WIDTH”的前一个定义
     1>E:\VS2013\VC\include\glut.h(347): warning C4005: “GLUT_VIDEO_RESIZE_HEIGHT”: 宏重定义
                 e:\git\workspace\omnidirectionalshadowmapping\mylightengine\include\gl\freeglut_std.h(316) : 参见“GLUT_VIDEO_RESIZE_HEIGHT”的前一个定义
     1>E:\VS2013\VC\include\glut.h(355): warning C4005: “GLUT_ACTIVE_SHIFT”: 宏重定义
                 e:\git\workspace\omnidirectionalshadowmapping\mylightengine\include\gl\freeglut_std.h(327) : 参见“GLUT_ACTIVE_SHIFT”的前一个定义
     1>E:\VS2013\VC\include\glut.h(356): warning C4005: “GLUT_ACTIVE_CTRL”: 宏重定义
                 e:\git\workspace\omnidirectionalshadowmapping\mylightengine\include\gl\freeglut_std.h(328) : 参见“GLUT_ACTIVE_CTRL”的前一个定义
     1>E:\VS2013\VC\include\glut.h(357): warning C4005: “GLUT_ACTIVE_ALT”: 宏重定义
                 e:\git\workspace\omnidirectionalshadowmapping\mylightengine\include\gl\freeglut_std.h(329) : 参见“GLUT_ACTIVE_ALT”的前一个定义
     1>E:\VS2013\VC\include\glut.h(361): warning C4005: “GLUT_CURSOR_RIGHT_ARROW”: 宏重定义
                 e:\git\workspace\omnidirectionalshadowmapping\mylightengine\include\gl\freeglut_std.h(334) : 参见“GLUT_CURSOR_RIGHT_ARROW”的前一个定义
     1>E:\VS2013\VC\include\glut.h(362): warning C4005: “GLUT_CURSOR_LEFT_ARROW”: 宏重定义
                 e:\git\workspace\omnidirectionalshadowmapping\mylightengine\include\gl\freeglut_std.h(335) : 参见“GLUT_CURSOR_LEFT_ARROW”的前一个定义
     1>E:\VS2013\VC\include\glut.h(364): warning C4005: “GLUT_CURSOR_INFO”: 宏重定义
                 e:\git\workspace\omnidirectionalshadowmapping\mylightengine\include\gl\freeglut_std.h(336) : 参见“GLUT_CURSOR_INFO”的前一个定义
     1>E:\VS2013\VC\include\glut.h(365): warning C4005: “GLUT_CURSOR_DESTROY”: 宏重定义
                 e:\git\workspace\omnidirectionalshadowmapping\mylightengine\include\gl\freeglut_std.h(337) : 参见“GLUT_CURSOR_DESTROY”的前一个定义
     1>E:\VS2013\VC\include\glut.h(366): warning C4005: “GLUT_CURSOR_HELP”: 宏重定义
                 e:\git\workspace\omnidirectionalshadowmapping\mylightengine\include\gl\freeglut_std.h(338) : 参见“GLUT_CURSOR_HELP”的前一个定义
     1>E:\VS2013\VC\include\glut.h(367): warning C4005: “GLUT_CURSOR_CYCLE”: 宏重定义
                 e:\git\workspace\omnidirectionalshadowmapping\mylightengine\include\gl\freeglut_std.h(339) : 参见“GLUT_CURSOR_CYCLE”的前一个定义
     1>E:\VS2013\VC\include\glut.h(368): warning C4005: “GLUT_CURSOR_SPRAY”: 宏重定义
                 e:\git\workspace\omnidirectionalshadowmapping\mylightengine\include\gl\freeglut_std.h(340) : 参见“GLUT_CURSOR_SPRAY”的前一个定义
     1>E:\VS2013\VC\include\glut.h(369): warning C4005: “GLUT_CURSOR_WAIT”: 宏重定义
                 e:\git\workspace\omnidirectionalshadowmapping\mylightengine\include\gl\freeglut_std.h(341) : 参见“GLUT_CURSOR_WAIT”的前一个定义
     1>E:\VS2013\VC\include\glut.h(370): warning C4005: “GLUT_CURSOR_TEXT”: 宏重定义
                 e:\git\workspace\omnidirectionalshadowmapping\mylightengine\include\gl\freeglut_std.h(342) : 参见“GLUT_CURSOR_TEXT”的前一个定义
     1>E:\VS2013\VC\include\glut.h(371): warning C4005: “GLUT_CURSOR_CROSSHAIR”: 宏重定义
                 e:\git\workspace\omnidirectionalshadowmapping\mylightengine\include\gl\freeglut_std.h(343) : 参见“GLUT_CURSOR_CROSSHAIR”的前一个定义
     1>E:\VS2013\VC\include\glut.h(373): warning C4005: “GLUT_CURSOR_UP_DOWN”: 宏重定义
                 e:\git\workspace\omnidirectionalshadowmapping\mylightengine\include\gl\freeglut_std.h(344) : 参见“GLUT_CURSOR_UP_DOWN”的前一个定义
     1>E:\VS2013\VC\include\glut.h(374): warning C4005: “GLUT_CURSOR_LEFT_RIGHT”: 宏重定义
                 e:\git\workspace\omnidirectionalshadowmapping\mylightengine\include\gl\freeglut_std.h(345) : 参见“GLUT_CURSOR_LEFT_RIGHT”的前一个定义
     1>E:\VS2013\VC\include\glut.h(376): warning C4005: “GLUT_CURSOR_TOP_SIDE”: 宏重定义
                 e:\git\workspace\omnidirectionalshadowmapping\mylightengine\include\gl\freeglut_std.h(346) : 参见“GLUT_CURSOR_TOP_SIDE”的前一个定义
     1>E:\VS2013\VC\include\glut.h(377): warning C4005: “GLUT_CURSOR_BOTTOM_SIDE”: 宏重定义
                 e:\git\workspace\omnidirectionalshadowmapping\mylightengine\include\gl\freeglut_std.h(347) : 参见“GLUT_CURSOR_BOTTOM_SIDE”的前一个定义
     1>E:\VS2013\VC\include\glut.h(378): warning C4005: “GLUT_CURSOR_LEFT_SIDE”: 宏重定义
                 e:\git\workspace\omnidirectionalshadowmapping\mylightengine\include\gl\freeglut_std.h(348) : 参见“GLUT_CURSOR_LEFT_SIDE”的前一个定义
     1>E:\VS2013\VC\include\glut.h(379): warning C4005: “GLUT_CURSOR_RIGHT_SIDE”: 宏重定义
                 e:\git\workspace\omnidirectionalshadowmapping\mylightengine\include\gl\freeglut_std.h(349) : 参见“GLUT_CURSOR_RIGHT_SIDE”的前一个定义
     1>E:\VS2013\VC\include\glut.h(380): warning C4005: “GLUT_CURSOR_TOP_LEFT_CORNER”: 宏重定义
                 e:\git\workspace\omnidirectionalshadowmapping\mylightengine\include\gl\freeglut_std.h(350) : 参见“GLUT_CURSOR_TOP_LEFT_CORNER”的前一个定义
     1>E:\VS2013\VC\include\glut.h(381): warning C4005: “GLUT_CURSOR_TOP_RIGHT_CORNER”: 宏重定义
                 e:\git\workspace\omnidirectionalshadowmapping\mylightengine\include\gl\freeglut_std.h(351) : 参见“GLUT_CURSOR_TOP_RIGHT_CORNER”的前一个定义
     1>E:\VS2013\VC\include\glut.h(382): warning C4005: “GLUT_CURSOR_BOTTOM_RIGHT_CORNER”: 宏重定义
                 e:\git\workspace\omnidirectionalshadowmapping\mylightengine\include\gl\freeglut_std.h(352) : 参见“GLUT_CURSOR_BOTTOM_RIGHT_CORNER”的前一个定义
     1>E:\VS2013\VC\include\glut.h(383): warning C4005: “GLUT_CURSOR_BOTTOM_LEFT_CORNER”: 宏重定义
                 e:\git\workspace\omnidirectionalshadowmapping\mylightengine\include\gl\freeglut_std.h(353) : 参见“GLUT_CURSOR_BOTTOM_LEFT_CORNER”的前一个定义
     1>E:\VS2013\VC\include\glut.h(385): warning C4005: “GLUT_CURSOR_INHERIT”: 宏重定义
                 e:\git\workspace\omnidirectionalshadowmapping\mylightengine\include\gl\freeglut_std.h(354) : 参见“GLUT_CURSOR_INHERIT”的前一个定义
     1>E:\VS2013\VC\include\glut.h(387): warning C4005: “GLUT_CURSOR_NONE”: 宏重定义
                 e:\git\workspace\omnidirectionalshadowmapping\mylightengine\include\gl\freeglut_std.h(355) : 参见“GLUT_CURSOR_NONE”的前一个定义
     1>E:\VS2013\VC\include\glut.h(389): warning C4005: “GLUT_CURSOR_FULL_CROSSHAIR”: 宏重定义
                 e:\git\workspace\omnidirectionalshadowmapping\mylightengine\include\gl\freeglut_std.h(356) : 参见“GLUT_CURSOR_FULL_CROSSHAIR”的前一个定义
     1>E:\VS2013\VC\include\glut.h(394): warning C4273: “glutInitDisplayMode”: dll 链接不一致
                 e:\git\workspace\omnidirectionalshadowmapping\mylightengine\include\gl\freeglut_std.h(394) : 参见“glutInitDisplayMode”的前一个定义
     1>E:\VS2013\VC\include\glut.h(396): warning C4273: “glutInitDisplayString”: dll 链接不一致
                 e:\git\workspace\omnidirectionalshadowmapping\mylightengine\include\gl\freeglut_std.h(395) : 参见“glutInitDisplayString”的前一个定义
     1>E:\VS2013\VC\include\glut.h(398): warning C4273: “glutInitWindowPosition”: dll 链接不一致
                 e:\git\workspace\omnidirectionalshadowmapping\mylightengine\include\gl\freeglut_std.h(392) : 参见“glutInitWindowPosition”的前一个定义
     1>E:\VS2013\VC\include\glut.h(399): warning C4273: “glutInitWindowSize”: dll 链接不一致
                 e:\git\workspace\omnidirectionalshadowmapping\mylightengine\include\gl\freeglut_std.h(393) : 参见“glutInitWindowSize”的前一个定义
     1>E:\VS2013\VC\include\glut.h(400): warning C4273: “glutMainLoop”: dll 链接不一致
                 e:\git\workspace\omnidirectionalshadowmapping\mylightengine\include\gl\freeglut_std.h(400) : 参见“glutMainLoop”的前一个定义
     1>E:\VS2013\VC\include\glut.h(404): warning C4273: “glutCreateSubWindow”: dll 链接不一致
                 e:\git\workspace\omnidirectionalshadowmapping\mylightengine\include\gl\freeglut_std.h(406) : 参见“glutCreateSubWindow”的前一个定义
     1>E:\VS2013\VC\include\glut.h(405): warning C4273: “glutDestroyWindow”: dll 链接不一致
                 e:\git\workspace\omnidirectionalshadowmapping\mylightengine\include\gl\freeglut_std.h(407) : 参见“glutDestroyWindow”的前一个定义
     1>E:\VS2013\VC\include\glut.h(406): warning C4273: “glutPostRedisplay”: dll 链接不一致
                 e:\git\workspace\omnidirectionalshadowmapping\mylightengine\include\gl\freeglut_std.h(425) : 参见“glutPostRedisplay”的前一个定义
     1>E:\VS2013\VC\include\glut.h(408): warning C4273: “glutPostWindowRedisplay”: dll 链接不一致
                 e:\git\workspace\omnidirectionalshadowmapping\mylightengine\include\gl\freeglut_std.h(424) : 参见“glutPostWindowRedisplay”的前一个定义
     1>E:\VS2013\VC\include\glut.h(410): warning C4273: “glutSwapBuffers”: dll 链接不一致
                 e:\git\workspace\omnidirectionalshadowmapping\mylightengine\include\gl\freeglut_std.h(426) : 参见“glutSwapBuffers”的前一个定义
     1>E:\VS2013\VC\include\glut.h(411): warning C4273: “glutGetWindow”: dll 链接不一致
                 e:\git\workspace\omnidirectionalshadowmapping\mylightengine\include\gl\freeglut_std.h(409) : 参见“glutGetWindow”的前一个定义
     1>E:\VS2013\VC\include\glut.h(412): warning C4273: “glutSetWindow”: dll 链接不一致
                 e:\git\workspace\omnidirectionalshadowmapping\mylightengine\include\gl\freeglut_std.h(408) : 参见“glutSetWindow”的前一个定义
     1>E:\VS2013\VC\include\glut.h(413): warning C4273: “glutSetWindowTitle”: dll 链接不一致
                 e:\git\workspace\omnidirectionalshadowmapping\mylightengine\include\gl\freeglut_std.h(410) : 参见“glutSetWindowTitle”的前一个定义
     1>E:\VS2013\VC\include\glut.h(414): warning C4273: “glutSetIconTitle”: dll 链接不一致
                 e:\git\workspace\omnidirectionalshadowmapping\mylightengine\include\gl\freeglut_std.h(411) : 参见“glutSetIconTitle”的前一个定义
     1>E:\VS2013\VC\include\glut.h(415): warning C4273: “glutPositionWindow”: dll 链接不一致
                 e:\git\workspace\omnidirectionalshadowmapping\mylightengine\include\gl\freeglut_std.h(413) : 参见“glutPositionWindow”的前一个定义
     1>E:\VS2013\VC\include\glut.h(416): warning C4273: “glutReshapeWindow”: dll 链接不一致
                 e:\git\workspace\omnidirectionalshadowmapping\mylightengine\include\gl\freeglut_std.h(412) : 参见“glutReshapeWindow”的前一个定义
     1>E:\VS2013\VC\include\glut.h(417): warning C4273: “glutPopWindow”: dll 链接不一致
                 e:\git\workspace\omnidirectionalshadowmapping\mylightengine\include\gl\freeglut_std.h(418) : 参见“glutPopWindow”的前一个定义
     1>E:\VS2013\VC\include\glut.h(418): warning C4273: “glutPushWindow”: dll 链接不一致
                 e:\git\workspace\omnidirectionalshadowmapping\mylightengine\include\gl\freeglut_std.h(417) : 参见“glutPushWindow”的前一个定义
     1>E:\VS2013\VC\include\glut.h(419): warning C4273: “glutIconifyWindow”: dll 链接不一致
                 e:\git\workspace\omnidirectionalshadowmapping\mylightengine\include\gl\freeglut_std.h(416) : 参见“glutIconifyWindow”的前一个定义
     1>E:\VS2013\VC\include\glut.h(420): warning C4273: “glutShowWindow”: dll 链接不一致
                 e:\git\workspace\omnidirectionalshadowmapping\mylightengine\include\gl\freeglut_std.h(414) : 参见“glutShowWindow”的前一个定义
     1>E:\VS2013\VC\include\glut.h(421): warning C4273: “glutHideWindow”: dll 链接不一致
                 e:\git\workspace\omnidirectionalshadowmapping\mylightengine\include\gl\freeglut_std.h(415) : 参见“glutHideWindow”的前一个定义
     1>E:\VS2013\VC\include\glut.h(423): warning C4273: “glutFullScreen”: dll 链接不一致
                 e:\git\workspace\omnidirectionalshadowmapping\mylightengine\include\gl\freeglut_std.h(419) : 参见“glutFullScreen”的前一个定义
     1>E:\VS2013\VC\include\glut.h(424): warning C4273: “glutSetCursor”: dll 链接不一致
                 e:\git\workspace\omnidirectionalshadowmapping\mylightengine\include\gl\freeglut_std.h(432) : 参见“glutSetCursor”的前一个定义
     1>E:\VS2013\VC\include\glut.h(426): warning C4273: “glutWarpPointer”: dll 链接不一致
                 e:\git\workspace\omnidirectionalshadowmapping\mylightengine\include\gl\freeglut_std.h(431) : 参见“glutWarpPointer”的前一个定义
     1>E:\VS2013\VC\include\glut.h(430): warning C4273: “glutEstablishOverlay”: dll 链接不一致
                 e:\git\workspace\omnidirectionalshadowmapping\mylightengine\include\gl\freeglut_std.h(437) : 参见“glutEstablishOverlay”的前一个定义
     1>E:\VS2013\VC\include\glut.h(431): warning C4273: “glutRemoveOverlay”: dll 链接不一致
                 e:\git\workspace\omnidirectionalshadowmapping\mylightengine\include\gl\freeglut_std.h(438) : 参见“glutRemoveOverlay”的前一个定义
     1>E:\VS2013\VC\include\glut.h(432): warning C4273: “glutUseLayer”: dll 链接不一致
                 e:\git\workspace\omnidirectionalshadowmapping\mylightengine\include\gl\freeglut_std.h(439) : 参见“glutUseLayer”的前一个定义
     1>E:\VS2013\VC\include\glut.h(433): warning C4273: “glutPostOverlayRedisplay”: dll 链接不一致
                 e:\git\workspace\omnidirectionalshadowmapping\mylightengine\include\gl\freeglut_std.h(440) : 参见“glutPostOverlayRedisplay”的前一个定义
     1>E:\VS2013\VC\include\glut.h(435): warning C4273: “glutPostWindowOverlayRedisplay”: dll 链接不一致
                 e:\git\workspace\omnidirectionalshadowmapping\mylightengine\include\gl\freeglut_std.h(441) : 参见“glutPostWindowOverlayRedisplay”的前一个定义
     1>E:\VS2013\VC\include\glut.h(437): warning C4273: “glutShowOverlay”: dll 链接不一致
                 e:\git\workspace\omnidirectionalshadowmapping\mylightengine\include\gl\freeglut_std.h(442) : 参见“glutShowOverlay”的前一个定义
     1>E:\VS2013\VC\include\glut.h(438): warning C4273: “glutHideOverlay”: dll 链接不一致
                 e:\git\workspace\omnidirectionalshadowmapping\mylightengine\include\gl\freeglut_std.h(443) : 参见“glutHideOverlay”的前一个定义
     1>E:\VS2013\VC\include\glut.h(443): warning C4273: “glutDestroyMenu”: dll 链接不一致
                 e:\git\workspace\omnidirectionalshadowmapping\mylightengine\include\gl\freeglut_std.h(449) : 参见“glutDestroyMenu”的前一个定义
     1>E:\VS2013\VC\include\glut.h(444): warning C4273: “glutGetMenu”: dll 链接不一致
                 e:\git\workspace\omnidirectionalshadowmapping\mylightengine\include\gl\freeglut_std.h(450) : 参见“glutGetMenu”的前一个定义
     1>E:\VS2013\VC\include\glut.h(445): warning C4273: “glutSetMenu”: dll 链接不一致
                 e:\git\workspace\omnidirectionalshadowmapping\mylightengine\include\gl\freeglut_std.h(451) : 参见“glutSetMenu”的前一个定义
     1>E:\VS2013\VC\include\glut.h(446): warning C4273: “glutAddMenuEntry”: dll 链接不一致
                 e:\git\workspace\omnidirectionalshadowmapping\mylightengine\include\gl\freeglut_std.h(452) : 参见“glutAddMenuEntry”的前一个定义
     1>E:\VS2013\VC\include\glut.h(447): warning C4273: “glutAddSubMenu”: dll 链接不一致
                 e:\git\workspace\omnidirectionalshadowmapping\mylightengine\include\gl\freeglut_std.h(453) : 参见“glutAddSubMenu”的前一个定义
     1>E:\VS2013\VC\include\glut.h(448): warning C4273: “glutChangeToMenuEntry”: dll 链接不一致
                 e:\git\workspace\omnidirectionalshadowmapping\mylightengine\include\gl\freeglut_std.h(454) : 参见“glutChangeToMenuEntry”的前一个定义
     1>E:\VS2013\VC\include\glut.h(449): warning C4273: “glutChangeToSubMenu”: dll 链接不一致
                 e:\git\workspace\omnidirectionalshadowmapping\mylightengine\include\gl\freeglut_std.h(455) : 参见“glutChangeToSubMenu”的前一个定义
     1>E:\VS2013\VC\include\glut.h(450): warning C4273: “glutRemoveMenuItem”: dll 链接不一致
                 e:\git\workspace\omnidirectionalshadowmapping\mylightengine\include\gl\freeglut_std.h(456) : 参见“glutRemoveMenuItem”的前一个定义
     1>E:\VS2013\VC\include\glut.h(451): warning C4273: “glutAttachMenu”: dll 链接不一致
                 e:\git\workspace\omnidirectionalshadowmapping\mylightengine\include\gl\freeglut_std.h(457) : 参见“glutAttachMenu”的前一个定义
     1>E:\VS2013\VC\include\glut.h(452): warning C4273: “glutDetachMenu”: dll 链接不一致
                 e:\git\workspace\omnidirectionalshadowmapping\mylightengine\include\gl\freeglut_std.h(458) : 参见“glutDetachMenu”的前一个定义
     1>E:\VS2013\VC\include\glut.h(455): warning C4273: “glutDisplayFunc”: dll 链接不一致
                 e:\git\workspace\omnidirectionalshadowmapping\mylightengine\include\gl\freeglut_std.h(473) : 参见“glutDisplayFunc”的前一个定义
     1>E:\VS2013\VC\include\glut.h(456): warning C4273: “glutReshapeFunc”: dll 链接不一致
                 e:\git\workspace\omnidirectionalshadowmapping\mylightengine\include\gl\freeglut_std.h(471) : 参见“glutReshapeFunc”的前一个定义
     1>E:\VS2013\VC\include\glut.h(457): warning C4273: “glutKeyboardFunc”: dll 链接不一致
                 e:\git\workspace\omnidirectionalshadowmapping\mylightengine\include\gl\freeglut_std.h(469) : 参见“glutKeyboardFunc”的前一个定义
     1>E:\VS2013\VC\include\glut.h(458): warning C4273: “glutMouseFunc”: dll 链接不一致
                 e:\git\workspace\omnidirectionalshadowmapping\mylightengine\include\gl\freeglut_std.h(474) : 参见“glutMouseFunc”的前一个定义
     1>E:\VS2013\VC\include\glut.h(459): warning C4273: “glutMotionFunc”: dll 链接不一致
                 e:\git\workspace\omnidirectionalshadowmapping\mylightengine\include\gl\freeglut_std.h(475) : 参见“glutMotionFunc”的前一个定义
     1>E:\VS2013\VC\include\glut.h(460): warning C4273: “glutPassiveMotionFunc”: dll 链接不一致
                 e:\git\workspace\omnidirectionalshadowmapping\mylightengine\include\gl\freeglut_std.h(476) : 参见“glutPassiveMotionFunc”的前一个定义
     1>E:\VS2013\VC\include\glut.h(461): warning C4273: “glutEntryFunc”: dll 链接不一致
                 e:\git\workspace\omnidirectionalshadowmapping\mylightengine\include\gl\freeglut_std.h(477) : 参见“glutEntryFunc”的前一个定义
     1>E:\VS2013\VC\include\glut.h(462): warning C4273: “glutVisibilityFunc”: dll 链接不一致
                 e:\git\workspace\omnidirectionalshadowmapping\mylightengine\include\gl\freeglut_std.h(472) : 参见“glutVisibilityFunc”的前一个定义
     1>E:\VS2013\VC\include\glut.h(463): warning C4273: “glutIdleFunc”: dll 链接不一致
                 e:\git\workspace\omnidirectionalshadowmapping\mylightengine\include\gl\freeglut_std.h(464) : 参见“glutIdleFunc”的前一个定义
     1>E:\VS2013\VC\include\glut.h(464): warning C4273: “glutTimerFunc”: dll 链接不一致
                 e:\git\workspace\omnidirectionalshadowmapping\mylightengine\include\gl\freeglut_std.h(463) : 参见“glutTimerFunc”的前一个定义
     1>E:\VS2013\VC\include\glut.h(465): warning C4273: “glutMenuStateFunc”: dll 链接不一致
                 e:\git\workspace\omnidirectionalshadowmapping\mylightengine\include\gl\freeglut_std.h(482) : 参见“glutMenuStateFunc”的前一个定义
     1>E:\VS2013\VC\include\glut.h(467): warning C4273: “glutSpecialFunc”: dll 链接不一致
                 e:\git\workspace\omnidirectionalshadowmapping\mylightengine\include\gl\freeglut_std.h(470) : 参见“glutSpecialFunc”的前一个定义
     1>E:\VS2013\VC\include\glut.h(468): warning C4273: “glutSpaceballMotionFunc”: dll 链接不一致
                 e:\git\workspace\omnidirectionalshadowmapping\mylightengine\include\gl\freeglut_std.h(487) : 参见“glutSpaceballMotionFunc”的前一个定义
     1>E:\VS2013\VC\include\glut.h(469): warning C4273: “glutSpaceballRotateFunc”: dll 链接不一致
                 e:\git\workspace\omnidirectionalshadowmapping\mylightengine\include\gl\freeglut_std.h(488) : 参见“glutSpaceballRotateFunc”的前一个定义
     1>E:\VS2013\VC\include\glut.h(470): warning C4273: “glutSpaceballButtonFunc”: dll 链接不一致
                 e:\git\workspace\omnidirectionalshadowmapping\mylightengine\include\gl\freeglut_std.h(489) : 参见“glutSpaceballButtonFunc”的前一个定义
     1>E:\VS2013\VC\include\glut.h(471): warning C4273: “glutButtonBoxFunc”: dll 链接不一致
                 e:\git\workspace\omnidirectionalshadowmapping\mylightengine\include\gl\freeglut_std.h(490) : 参见“glutButtonBoxFunc”的前一个定义
     1>E:\VS2013\VC\include\glut.h(472): warning C4273: “glutDialsFunc”: dll 链接不一致
                 e:\git\workspace\omnidirectionalshadowmapping\mylightengine\include\gl\freeglut_std.h(491) : 参见“glutDialsFunc”的前一个定义
     1>E:\VS2013\VC\include\glut.h(473): warning C4273: “glutTabletMotionFunc”: dll 链接不一致
                 e:\git\workspace\omnidirectionalshadowmapping\mylightengine\include\gl\freeglut_std.h(492) : 参见“glutTabletMotionFunc”的前一个定义
     1>E:\VS2013\VC\include\glut.h(474): warning C4273: “glutTabletButtonFunc”: dll 链接不一致
                 e:\git\workspace\omnidirectionalshadowmapping\mylightengine\include\gl\freeglut_std.h(493) : 参见“glutTabletButtonFunc”的前一个定义
     1>E:\VS2013\VC\include\glut.h(476): warning C4273: “glutMenuStatusFunc”: dll 链接不一致
                 e:\git\workspace\omnidirectionalshadowmapping\mylightengine\include\gl\freeglut_std.h(483) : 参见“glutMenuStatusFunc”的前一个定义
     1>E:\VS2013\VC\include\glut.h(477): warning C4273: “glutOverlayDisplayFunc”: dll 链接不一致
                 e:\git\workspace\omnidirectionalshadowmapping\mylightengine\include\gl\freeglut_std.h(484) : 参见“glutOverlayDisplayFunc”的前一个定义
     1>E:\VS2013\VC\include\glut.h(479): warning C4273: “glutWindowStatusFunc”: dll 链接不一致
                 e:\git\workspace\omnidirectionalshadowmapping\mylightengine\include\gl\freeglut_std.h(485) : 参见“glutWindowStatusFunc”的前一个定义
     1>E:\VS2013\VC\include\glut.h(482): warning C4273: “glutKeyboardUpFunc”: dll 链接不一致
                 e:\git\workspace\omnidirectionalshadowmapping\mylightengine\include\gl\freeglut_std.h(479) : 参见“glutKeyboardUpFunc”的前一个定义
     1>E:\VS2013\VC\include\glut.h(483): warning C4273: “glutSpecialUpFunc”: dll 链接不一致
                 e:\git\workspace\omnidirectionalshadowmapping\mylightengine\include\gl\freeglut_std.h(480) : 参见“glutSpecialUpFunc”的前一个定义
     1>E:\VS2013\VC\include\glut.h(484): warning C4273: “glutJoystickFunc”: dll 链接不一致
                 e:\git\workspace\omnidirectionalshadowmapping\mylightengine\include\gl\freeglut_std.h(481) : 参见“glutJoystickFunc”的前一个定义
     1>E:\VS2013\VC\include\glut.h(490): warning C4273: “glutSetColor”: dll 链接不一致
                 e:\git\workspace\omnidirectionalshadowmapping\mylightengine\include\gl\freeglut_std.h(560) : 参见“glutSetColor”的前一个定义
     1>E:\VS2013\VC\include\glut.h(491): warning C4273: “glutGetColor”: dll 链接不一致
                 e:\git\workspace\omnidirectionalshadowmapping\mylightengine\include\gl\freeglut_std.h(561) : 参见“glutGetColor”的前一个定义
     1>E:\VS2013\VC\include\glut.h(492): warning C4273: “glutCopyColormap”: dll 链接不一致
                 e:\git\workspace\omnidirectionalshadowmapping\mylightengine\include\gl\freeglut_std.h(562) : 参见“glutCopyColormap”的前一个定义
     1>E:\VS2013\VC\include\glut.h(495): warning C4273: “glutGet”: dll 链接不一致
                 e:\git\workspace\omnidirectionalshadowmapping\mylightengine\include\gl\freeglut_std.h(498) : 参见“glutGet”的前一个定义
     1>E:\VS2013\VC\include\glut.h(496): warning C4273: “glutDeviceGet”: dll 链接不一致
                 e:\git\workspace\omnidirectionalshadowmapping\mylightengine\include\gl\freeglut_std.h(499) : 参见“glutDeviceGet”的前一个定义
     1>E:\VS2013\VC\include\glut.h(499): warning C4273: “glutExtensionSupported”: dll 链接不一致
                 e:\git\workspace\omnidirectionalshadowmapping\mylightengine\include\gl\freeglut_std.h(574) : 参见“glutExtensionSupported”的前一个定义
     1>E:\VS2013\VC\include\glut.h(502): warning C4273: “glutGetModifiers”: dll 链接不一致
                 e:\git\workspace\omnidirectionalshadowmapping\mylightengine\include\gl\freeglut_std.h(500) : 参见“glutGetModifiers”的前一个定义
     1>E:\VS2013\VC\include\glut.h(503): warning C4273: “glutLayerGet”: dll 链接不一致
                 e:\git\workspace\omnidirectionalshadowmapping\mylightengine\include\gl\freeglut_std.h(501) : 参见“glutLayerGet”的前一个定义
     1>E:\VS2013\VC\include\glut.h(507): warning C4273: “glutBitmapCharacter”: dll 链接不一致
                 e:\git\workspace\omnidirectionalshadowmapping\mylightengine\include\gl\freeglut_std.h(506) : 参见“glutBitmapCharacter”的前一个定义
     1>E:\VS2013\VC\include\glut.h(508): warning C4273: “glutBitmapWidth”: dll 链接不一致
                 e:\git\workspace\omnidirectionalshadowmapping\mylightengine\include\gl\freeglut_std.h(507) : 参见“glutBitmapWidth”的前一个定义
     1>E:\VS2013\VC\include\glut.h(509): warning C4273: “glutStrokeCharacter”: dll 链接不一致
                 e:\git\workspace\omnidirectionalshadowmapping\mylightengine\include\gl\freeglut_std.h(508) : 参见“glutStrokeCharacter”的前一个定义
     1>E:\VS2013\VC\include\glut.h(510): warning C4273: “glutStrokeWidth”: dll 链接不一致
                 e:\git\workspace\omnidirectionalshadowmapping\mylightengine\include\gl\freeglut_std.h(509) : 参见“glutStrokeWidth”的前一个定义
     1>E:\VS2013\VC\include\glut.h(512): warning C4273: “glutBitmapLength”: dll 链接不一致
                 e:\git\workspace\omnidirectionalshadowmapping\mylightengine\include\gl\freeglut_std.h(510) : 参见“glutBitmapLength”的前一个定义
     1>E:\VS2013\VC\include\glut.h(513): warning C4273: “glutStrokeLength”: dll 链接不一致
                 e:\git\workspace\omnidirectionalshadowmapping\mylightengine\include\gl\freeglut_std.h(511) : 参见“glutStrokeLength”的前一个定义
     1>E:\VS2013\VC\include\glut.h(517): warning C4273: “glutWireSphere”: dll 链接不一致
                 e:\git\workspace\omnidirectionalshadowmapping\mylightengine\include\gl\freeglut_std.h(518) : 参见“glutWireSphere”的前一个定义
     1>E:\VS2013\VC\include\glut.h(518): warning C4273: “glutSolidSphere”: dll 链接不一致
                 e:\git\workspace\omnidirectionalshadowmapping\mylightengine\include\gl\freeglut_std.h(519) : 参见“glutSolidSphere”的前一个定义
     1>E:\VS2013\VC\include\glut.h(519): warning C4273: “glutWireCone”: dll 链接不一致
                 e:\git\workspace\omnidirectionalshadowmapping\mylightengine\include\gl\freeglut_std.h(520) : 参见“glutWireCone”的前一个定义
     1>E:\VS2013\VC\include\glut.h(520): warning C4273: “glutSolidCone”: dll 链接不一致
                 e:\git\workspace\omnidirectionalshadowmapping\mylightengine\include\gl\freeglut_std.h(521) : 参见“glutSolidCone”的前一个定义
     1>E:\VS2013\VC\include\glut.h(521): warning C4273: “glutWireCube”: dll 链接不一致
                 e:\git\workspace\omnidirectionalshadowmapping\mylightengine\include\gl\freeglut_std.h(516) : 参见“glutWireCube”的前一个定义
     1>E:\VS2013\VC\include\glut.h(522): warning C4273: “glutSolidCube”: dll 链接不一致
                 e:\git\workspace\omnidirectionalshadowmapping\mylightengine\include\gl\freeglut_std.h(517) : 参见“glutSolidCube”的前一个定义
     1>E:\VS2013\VC\include\glut.h(523): warning C4273: “glutWireTorus”: dll 链接不一致
                 e:\git\workspace\omnidirectionalshadowmapping\mylightengine\include\gl\freeglut_std.h(523) : 参见“glutWireTorus”的前一个定义
     1>E:\VS2013\VC\include\glut.h(524): warning C4273: “glutSolidTorus”: dll 链接不一致
                 e:\git\workspace\omnidirectionalshadowmapping\mylightengine\include\gl\freeglut_std.h(524) : 参见“glutSolidTorus”的前一个定义
     1>E:\VS2013\VC\include\glut.h(525): warning C4273: “glutWireDodecahedron”: dll 链接不一致
                 e:\git\workspace\omnidirectionalshadowmapping\mylightengine\include\gl\freeglut_std.h(525) : 参见“glutWireDodecahedron”的前一个定义
     1>E:\VS2013\VC\include\glut.h(526): warning C4273: “glutSolidDodecahedron”: dll 链接不一致
                 e:\git\workspace\omnidirectionalshadowmapping\mylightengine\include\gl\freeglut_std.h(526) : 参见“glutSolidDodecahedron”的前一个定义
     1>E:\VS2013\VC\include\glut.h(527): warning C4273: “glutWireTeapot”: dll 链接不一致
                 e:\git\workspace\omnidirectionalshadowmapping\mylightengine\include\gl\freeglut_std.h(537) : 参见“glutWireTeapot”的前一个定义
     1>E:\VS2013\VC\include\glut.h(528): warning C4273: “glutSolidTeapot”: dll 链接不一致
                 e:\git\workspace\omnidirectionalshadowmapping\mylightengine\include\gl\freeglut_std.h(538) : 参见“glutSolidTeapot”的前一个定义
     1>E:\VS2013\VC\include\glut.h(529): warning C4273: “glutWireOctahedron”: dll 链接不一致
                 e:\git\workspace\omnidirectionalshadowmapping\mylightengine\include\gl\freeglut_std.h(527) : 参见“glutWireOctahedron”的前一个定义
     1>E:\VS2013\VC\include\glut.h(530): warning C4273: “glutSolidOctahedron”: dll 链接不一致
                 e:\git\workspace\omnidirectionalshadowmapping\mylightengine\include\gl\freeglut_std.h(528) : 参见“glutSolidOctahedron”的前一个定义
     1>E:\VS2013\VC\include\glut.h(531): warning C4273: “glutWireTetrahedron”: dll 链接不一致
                 e:\git\workspace\omnidirectionalshadowmapping\mylightengine\include\gl\freeglut_std.h(529) : 参见“glutWireTetrahedron”的前一个定义
     1>E:\VS2013\VC\include\glut.h(532): warning C4273: “glutSolidTetrahedron”: dll 链接不一致
                 e:\git\workspace\omnidirectionalshadowmapping\mylightengine\include\gl\freeglut_std.h(530) : 参见“glutSolidTetrahedron”的前一个定义
     1>E:\VS2013\VC\include\glut.h(533): warning C4273: “glutWireIcosahedron”: dll 链接不一致
                 e:\git\workspace\omnidirectionalshadowmapping\mylightengine\include\gl\freeglut_std.h(531) : 参见“glutWireIcosahedron”的前一个定义
     1>E:\VS2013\VC\include\glut.h(534): warning C4273: “glutSolidIcosahedron”: dll 链接不一致
                 e:\git\workspace\omnidirectionalshadowmapping\mylightengine\include\gl\freeglut_std.h(532) : 参见“glutSolidIcosahedron”的前一个定义
     1>E:\VS2013\VC\include\glut.h(538): warning C4273: “glutVideoResizeGet”: dll 链接不一致
                 e:\git\workspace\omnidirectionalshadowmapping\mylightengine\include\gl\freeglut_std.h(551) : 参见“glutVideoResizeGet”的前一个定义
     1>E:\VS2013\VC\include\glut.h(539): warning C4273: “glutSetupVideoResizing”: dll 链接不一致
                 e:\git\workspace\omnidirectionalshadowmapping\mylightengine\include\gl\freeglut_std.h(552) : 参见“glutSetupVideoResizing”的前一个定义
     1>E:\VS2013\VC\include\glut.h(540): warning C4273: “glutStopVideoResizing”: dll 链接不一致
                 e:\git\workspace\omnidirectionalshadowmapping\mylightengine\include\gl\freeglut_std.h(553) : 参见“glutStopVideoResizing”的前一个定义
     1>E:\VS2013\VC\include\glut.h(541): warning C4273: “glutVideoResize”: dll 链接不一致
                 e:\git\workspace\omnidirectionalshadowmapping\mylightengine\include\gl\freeglut_std.h(554) : 参见“glutVideoResize”的前一个定义
     1>E:\VS2013\VC\include\glut.h(542): warning C4273: “glutVideoPan”: dll 链接不一致
                 e:\git\workspace\omnidirectionalshadowmapping\mylightengine\include\gl\freeglut_std.h(555) : 参见“glutVideoPan”的前一个定义
     1>E:\VS2013\VC\include\glut.h(545): warning C4273: “glutReportErrors”: dll 链接不一致
                 e:\git\workspace\omnidirectionalshadowmapping\mylightengine\include\gl\freeglut_std.h(575) : 参见“glutReportErrors”的前一个定义
     1>E:\VS2013\VC\include\glut.h(551): warning C4005: “GLUT_KEY_REPEAT_OFF”: 宏重定义
                 e:\git\workspace\omnidirectionalshadowmapping\mylightengine\include\gl\freeglut_std.h(368) : 参见“GLUT_KEY_REPEAT_OFF”的前一个定义
     1>E:\VS2013\VC\include\glut.h(552): warning C4005: “GLUT_KEY_REPEAT_ON”: 宏重定义
                 e:\git\workspace\omnidirectionalshadowmapping\mylightengine\include\gl\freeglut_std.h(369) : 参见“GLUT_KEY_REPEAT_ON”的前一个定义
     1>E:\VS2013\VC\include\glut.h(553): warning C4005: “GLUT_KEY_REPEAT_DEFAULT”: 宏重定义
                 e:\git\workspace\omnidirectionalshadowmapping\mylightengine\include\gl\freeglut_std.h(370) : 参见“GLUT_KEY_REPEAT_DEFAULT”的前一个定义
     1>E:\VS2013\VC\include\glut.h(556): warning C4005: “GLUT_JOYSTICK_BUTTON_A”: 宏重定义
                 e:\git\workspace\omnidirectionalshadowmapping\mylightengine\include\gl\freeglut_std.h(372) : 参见“GLUT_JOYSTICK_BUTTON_A”的前一个定义
     1>E:\VS2013\VC\include\glut.h(557): warning C4005: “GLUT_JOYSTICK_BUTTON_B”: 宏重定义
                 e:\git\workspace\omnidirectionalshadowmapping\mylightengine\include\gl\freeglut_std.h(373) : 参见“GLUT_JOYSTICK_BUTTON_B”的前一个定义
     1>E:\VS2013\VC\include\glut.h(558): warning C4005: “GLUT_JOYSTICK_BUTTON_C”: 宏重定义
                 e:\git\workspace\omnidirectionalshadowmapping\mylightengine\include\gl\freeglut_std.h(374) : 参见“GLUT_JOYSTICK_BUTTON_C”的前一个定义
     1>E:\VS2013\VC\include\glut.h(559): warning C4005: “GLUT_JOYSTICK_BUTTON_D”: 宏重定义
                 e:\git\workspace\omnidirectionalshadowmapping\mylightengine\include\gl\freeglut_std.h(375) : 参见“GLUT_JOYSTICK_BUTTON_D”的前一个定义
     1>E:\VS2013\VC\include\glut.h(561): warning C4273: “glutIgnoreKeyRepeat”: dll 链接不一致
                 e:\git\workspace\omnidirectionalshadowmapping\mylightengine\include\gl\freeglut_std.h(567) : 参见“glutIgnoreKeyRepeat”的前一个定义
     1>E:\VS2013\VC\include\glut.h(562): warning C4273: “glutSetKeyRepeat”: dll 链接不一致
                 e:\git\workspace\omnidirectionalshadowmapping\mylightengine\include\gl\freeglut_std.h(568) : 参见“glutSetKeyRepeat”的前一个定义
     1>E:\VS2013\VC\include\glut.h(563): warning C4273: “glutForceJoystickFunc”: dll 链接不一致
                 e:\git\workspace\omnidirectionalshadowmapping\mylightengine\include\gl\freeglut_std.h(569) : 参见“glutForceJoystickFunc”的前一个定义
     1>E:\VS2013\VC\include\glut.h(567): warning C4005: “GLUT_GAME_MODE_ACTIVE”: 宏重定义
                 e:\git\workspace\omnidirectionalshadowmapping\mylightengine\include\gl\freeglut_std.h(380) : 参见“GLUT_GAME_MODE_ACTIVE”的前一个定义
     1>E:\VS2013\VC\include\glut.h(568): warning C4005: “GLUT_GAME_MODE_POSSIBLE”: 宏重定义
                 e:\git\workspace\omnidirectionalshadowmapping\mylightengine\include\gl\freeglut_std.h(381) : 参见“GLUT_GAME_MODE_POSSIBLE”的前一个定义
     1>E:\VS2013\VC\include\glut.h(569): warning C4005: “GLUT_GAME_MODE_WIDTH”: 宏重定义
                 e:\git\workspace\omnidirectionalshadowmapping\mylightengine\include\gl\freeglut_std.h(382) : 参见“GLUT_GAME_MODE_WIDTH”的前一个定义
     1>E:\VS2013\VC\include\glut.h(570): warning C4005: “GLUT_GAME_MODE_HEIGHT”: 宏重定义
                 e:\git\workspace\omnidirectionalshadowmapping\mylightengine\include\gl\freeglut_std.h(383) : 参见“GLUT_GAME_MODE_HEIGHT”的前一个定义
     1>E:\VS2013\VC\include\glut.h(571): warning C4005: “GLUT_GAME_MODE_PIXEL_DEPTH”: 宏重定义
                 e:\git\workspace\omnidirectionalshadowmapping\mylightengine\include\gl\freeglut_std.h(384) : 参见“GLUT_GAME_MODE_PIXEL_DEPTH”的前一个定义
     1>E:\VS2013\VC\include\glut.h(572): warning C4005: “GLUT_GAME_MODE_REFRESH_RATE”: 宏重定义
                 e:\git\workspace\omnidirectionalshadowmapping\mylightengine\include\gl\freeglut_std.h(385) : 参见“GLUT_GAME_MODE_REFRESH_RATE”的前一个定义
     1>E:\VS2013\VC\include\glut.h(573): warning C4005: “GLUT_GAME_MODE_DISPLAY_CHANGED”: 宏重定义
                 e:\git\workspace\omnidirectionalshadowmapping\mylightengine\include\gl\freeglut_std.h(386) : 参见“GLUT_GAME_MODE_DISPLAY_CHANGED”的前一个定义
     1>E:\VS2013\VC\include\glut.h(575): warning C4273: “glutGameModeString”: dll 链接不一致
                 e:\git\workspace\omnidirectionalshadowmapping\mylightengine\include\gl\freeglut_std.h(543) : 参见“glutGameModeString”的前一个定义
     1>E:\VS2013\VC\include\glut.h(576): warning C4273: “glutEnterGameMode”: dll 链接不一致
                 e:\git\workspace\omnidirectionalshadowmapping\mylightengine\include\gl\freeglut_std.h(544) : 参见“glutEnterGameMode”的前一个定义
     1>E:\VS2013\VC\include\glut.h(577): warning C4273: “glutLeaveGameMode”: dll 链接不一致
                 e:\git\workspace\omnidirectionalshadowmapping\mylightengine\include\gl\freeglut_std.h(545) : 参见“glutLeaveGameMode”的前一个定义
     1>E:\VS2013\VC\include\glut.h(578): warning C4273: “glutGameModeGet”: dll 链接不一致
                 e:\git\workspace\omnidirectionalshadowmapping\mylightengine\include\gl\freeglut_std.h(546) : 参见“glutGameModeGet”的前一个定义
         Math3d.cpp
         Mesh.cpp
     1>Mesh.cpp(193): warning C4800: “GLuint”: 将值强制为布尔值“true”或“false”(性能警告)
         Pipeline.cpp
         Technique.cpp
         Texture.cpp
         Util_han.cpp
       Link:
         E:\VS2013\VC\bin\link.exe /ERRORREPORT:PROMPT /OUT:"C:\Users\Hanjw\Documents\GitHub\OmnidirectionalShadowMapping\myLightEngine\Release\Lights.exe" /INCREMENTAL:NO /NOLOGO glew32d.lib assimp.lib freeglut.lib CORE_DB_Magick++_.lib opencv_ocl248d.lib opencv_stitching248d.lib opencv_videostab248d.lib opencv_superres248d.lib opencv_nonfree248d.lib opencv_gpu248d.lib opencv_legacy248d.lib opencv_contrib248d.lib opencv_calib3d248d.lib opencv_ts248d.lib opencv_features2d248d.lib opencv_objdetect248d.lib opencv_highgui248d.lib opencv_video248d.lib opencv_photo248d.lib opencv_imgproc248d.lib opencv_ml248d.lib opencv_flann248d.lib opencv_core248d.lib kernel32.lib user32.lib gdi32.lib winspool.lib comdlg32.lib advapi32.lib shell32.lib ole32.lib oleaut32.lib uuid.lib odbc32.lib odbccp32.lib /MANIFEST /MANIFESTUAC:"level='asInvoker' uiAccess='false'" /manifest:embed /DEBUG /PDB:"C:\Users\Hanjw\Documents\GitHub\OmnidirectionalShadowMapping\myLightEngine\Release\Lights.pdb" /SUBSYSTEM:CONSOLE /OPT:REF /OPT:ICF /LTCG /TLBID:1 /DYNAMICBASE /NXCOMPAT /IMPLIB:"C:\Users\Hanjw\Documents\GitHub\OmnidirectionalShadowMapping\myLightEngine\Release\Lights.lib" /MACHINE:X86 /SAFESEH Release\Camera.obj
         Release\Glut_backend.obj
         Release\LightTechnique.obj
         Release\main.obj
         Release\Math3d.obj
         Release\Mesh.obj
         Release\Pipeline.obj
         Release\Technique.obj
         Release\Texture.obj
         Release\Util_han.obj
         正在生成代码
         已完成代码的生成
         Lights.vcxproj -> C:\Users\Hanjw\Documents\GitHub\OmnidirectionalShadowMapping\myLightEngine\Release\Lights.exe
     1>已完成生成项目“C:\Users\Hanjw\Documents\GitHub\OmnidirectionalShadowMapping\myLightEngine\Lights\Lights.vcxproj”(Build 个目标)的操作。

生成成功。

已用时间 00:00:08.64
