c:\users\administrator\desktop\mylightengine\lights\debug\vc120.pdb
c:\users\administrator\desktop\mylightengine\lights\debug\vc120.idb
c:\users\administrator\desktop\mylightengine\lights\debug\camera.obj
c:\users\administrator\desktop\mylightengine\lights\debug\glut_backend.obj
c:\users\administrator\desktop\mylightengine\lights\debug\lighttechnique.obj
c:\users\administrator\desktop\mylightengine\lights\debug\main.obj
c:\users\administrator\desktop\mylightengine\lights\debug\math3d.obj
c:\users\administrator\desktop\mylightengine\lights\debug\pipeline.obj
c:\users\administrator\desktop\mylightengine\lights\debug\technique.obj
c:\users\administrator\desktop\mylightengine\lights\debug\texture.obj
c:\users\administrator\desktop\mylightengine\lights\debug\util_han.obj
c:\users\hanjw\desktop\mylightengine\lights\debug\vc120.pdb
c:\users\hanjw\desktop\mylightengine\lights\debug\vc120.idb
c:\users\hanjw\desktop\mylightengine\lights\debug\camera.obj
c:\users\hanjw\desktop\mylightengine\lights\debug\glut_backend.obj
c:\users\hanjw\desktop\mylightengine\lights\debug\lighttechnique.obj
c:\users\hanjw\desktop\mylightengine\lights\debug\main.obj
c:\users\hanjw\desktop\mylightengine\lights\debug\math3d.obj
c:\users\hanjw\desktop\mylightengine\lights\debug\mesh.obj
c:\users\hanjw\desktop\mylightengine\lights\debug\pipeline.obj
c:\users\hanjw\desktop\mylightengine\lights\debug\technique.obj
c:\users\hanjw\desktop\mylightengine\lights\debug\texture.obj
c:\users\hanjw\desktop\mylightengine\lights\debug\util_han.obj
c:\users\administrator\desktop\mylightengine\debug\lights.ilk
c:\users\administrator\desktop\mylightengine\debug\lights.exe
c:\users\administrator\desktop\mylightengine\debug\lights.pdb
c:\users\hanjw\desktop\mylightengine\debug\lights.ilk
c:\users\hanjw\desktop\mylightengine\debug\lights.exe
c:\users\hanjw\desktop\mylightengine\debug\lights.pdb
c:\users\hanjw\desktop\mylightengine\lights\debug\lights.tlog\cl.command.1.tlog
c:\users\hanjw\desktop\mylightengine\lights\debug\lights.tlog\cl.read.1.tlog
c:\users\hanjw\desktop\mylightengine\lights\debug\lights.tlog\cl.write.1.tlog
c:\users\hanjw\desktop\mylightengine\lights\debug\lights.tlog\link.command.1.tlog
c:\users\hanjw\desktop\mylightengine\lights\debug\lights.tlog\link.read.1.tlog
c:\users\hanjw\desktop\mylightengine\lights\debug\lights.tlog\link.write.1.tlog
